<?xml version="1.0" encoding="UTF-8"?>
<!-- Generated by org.testng.reporters.JUnitXMLReporter -->
<testsuite ignored="0" hostname="DESKTOP-95T42JG" failures="1" tests="3" name="clinics_FP" time="77.016" errors="0" timestamp="2022-02-28T11:18:23 IST">
  <testcase classname="clinics_FP.Addpatienttestimonial" name="testApp" time="26.618">
    <failure type="java.lang.IllegalArgumentException" message="Keys to send should be a not null CharSequence">
      <![CDATA[java.lang.IllegalArgumentException: Keys to send should be a not null CharSequence
at org.openqa.selenium.remote.RemoteWebElement.sendKeys(RemoteWebElement.java:92)
at com.nf.mobile.web.hybrid.driver.GenericKeywords.type(GenericKeywords.java:259)
at com.nf.mobile.web.hybrid.driver.DriverScript.executeKeywords(DriverScript.java:63)
at clinics_FP.Addpatienttestimonial.testApp(Addpatienttestimonial.java:45)
at java.base/java.util.ArrayList.forEach(ArrayList.java:1511)
... Removed 27 stack frames]]>
    </failure>
  </testcase> <!-- testApp -->
  <testcase classname="clinics_FP.Post_New_Photo" name="testApp" time="25.142"/>
  <testcase classname="clinics_FP.Delete_Photo" name="testApp" time="23.727"/>
</testsuite> <!-- clinics_FP -->
