<?xml version="1.0" encoding="UTF-8"?>
<!-- Generated by org.testng.reporters.JUnitXMLReporter -->
<testsuite ignored="0" hostname="DESKTOP-95T42JG" failures="0" tests="3" name="doctors_FP" time="102.007" errors="0" timestamp="2022-03-03T14:51:20 IST">
  <testcase classname="doctors_FP.Addpatienttestimonial" name="testApp" time="38.709"/>
  <testcase classname="doctors_FP.Post_New_Photo" name="testApp" time="33.701"/>
  <testcase classname="doctors_FP.Delete_Photo" name="testApp" time="27.942"/>
</testsuite> <!-- doctors_FP -->
