<?xml version="1.0" encoding="UTF-8"?>
<!-- Generated by org.testng.reporters.JUnitXMLReporter -->
<testsuite ignored="0" hostname="DESKTOP-B8NM91O" failures="0" tests="3" name="New User Registration" time="172.475" errors="0" timestamp="2022-01-06T15:41:12 IST">
  <testcase classname="com.nf.mobile.web.hybrid.resources.Registration" name="testApp" time="171.555"/>
  <testcase classname="com.nf.mobile.web.hybrid.resources.Registration" name="testApp" time="0.002">
    <skipped/>
  </testcase> <!-- testApp -->
  <testcase classname="com.nf.mobile.web.hybrid.resources.Registration" name="testApp" time="0.001">
    <skipped/>
  </testcase> <!-- testApp -->
</testsuite> <!-- New User Registration -->
