<?xml version="1.0" encoding="UTF-8"?>
<!-- Generated by org.testng.reporters.JUnitXMLReporter -->
<testsuite ignored="0" hostname="DESKTOP-B8NM91O" failures="0" tests="2" name="Readymade Catalog" time="89.429" errors="0" timestamp="2022-01-06T15:42:42 IST">
  <testcase classname="com.nf.mobile.web.hybrid.resources.Readymade_Catalog" name="testApp" time="88.813"/>
  <testcase classname="com.nf.mobile.web.hybrid.resources.Readymade_Catalog" name="testApp" time="0.001">
    <skipped/>
  </testcase> <!-- testApp -->
</testsuite> <!-- Readymade Catalog -->
