<?xml version="1.0" encoding="UTF-8"?>
<!-- Generated by org.testng.reporters.JUnitXMLReporter -->
<testsuite ignored="0" hostname="DESKTOP-95T42JG" failures="1" tests="1" name="Post_New_Photo" time="61.958" errors="0" timestamp="2022-02-02T17:10:53 IST">
  <testcase classname="com.nf.mobile.web.hybrid.resources.Post_New_Photo" name="testApp" time="61.135">
    <failure type="java.lang.NullPointerException" message="Cannot invoke &amp;quot;org.openqa.selenium.WebElement.click()&amp;quot; because the return value of &amp;quot;com.nf.mobile.web.hybrid.driver.GenericKeywords.getElement(String)&amp;quot; is null">
      <![CDATA[java.lang.NullPointerException: Cannot invoke "org.openqa.selenium.WebElement.click()" because the return value of "com.nf.mobile.web.hybrid.driver.GenericKeywords.getElement(String)" is null
at com.nf.mobile.web.hybrid.driver.GenericKeywords.clicking(GenericKeywords.java:202)
at com.nf.mobile.web.hybrid.driver.DriverScript.executeKeywords(DriverScript.java:54)
at com.nf.mobile.web.hybrid.resources.Post_New_Photo.testApp(Post_New_Photo.java:54)
at java.base/java.util.ArrayList.forEach(ArrayList.java:1511)
... Removed 27 stack frames]]>
    </failure>
  </testcase> <!-- testApp -->
</testsuite> <!-- Post_New_Photo -->
